<?xml version="1.0" encoding="UTF-8"?>
<testsuite name="com.example.boardservice.BoardServiceApplicationTests" tests="1" skipped="0" failures="0" errors="0" timestamp="2025-10-08T13:41:54.355Z" hostname="PARK" time="0.26">
  <properties/>
  <testcase name="contextLoads()" classname="com.example.boardservice.BoardServiceApplicationTests" time="0.26"/>
  <system-out><![CDATA[22:41:51.068 [Test worker] INFO org.springframework.test.context.support.AnnotationConfigContextLoaderUtils -- Could not detect default configuration classes for test class [com.example.boardservice.BoardServiceApplicationTests]: BoardServiceApplicationTests does not declare any static, non-private, non-final, nested classes annotated with @Configuration.
22:41:51.156 [Test worker] INFO org.springframework.boot.test.context.SpringBootTestContextBootstrapper -- Found @SpringBootConfiguration com.example.boardservice.BoardServiceApplication for test class com.example.boardservice.BoardServiceApplicationTests

  .   ____          _            __ _ _
 /\\ / ___'_ __ _ _(_)_ __  __ _ \ \ \ \
( ( )\___ | '_ | '_| | '_ \/ _` | \ \ \ \
 \\/  ___)| |_)| | | | | || (_| |  ) ) ) )
  '  |____| .__|_| |_|_| |_\__, | / / / /
 =========|_|==============|___/=/_/_/_/

 :: Spring Boot ::                (v3.5.6)

2025-10-08T22:41:51.518+09:00  INFO 43200 --- [    Test worker] c.e.b.BoardServiceApplicationTests       : Starting BoardServiceApplicationTests using Java 23 with PID 43200 (started by wngus in C:\Users\wngus\Documents\Github3\MSA-Study-Spring\board-service)
2025-10-08T22:41:51.518+09:00  INFO 43200 --- [    Test worker] c.e.b.BoardServiceApplicationTests       : No active profile set, falling back to 1 default profile: "default"
2025-10-08T22:41:51.973+09:00  INFO 43200 --- [    Test worker] .s.d.r.c.RepositoryConfigurationDelegate : Bootstrapping Spring Data JPA repositories in DEFAULT mode.
2025-10-08T22:41:52.010+09:00  INFO 43200 --- [    Test worker] .s.d.r.c.RepositoryConfigurationDelegate : Finished Spring Data repository scanning in 31 ms. Found 1 JPA repository interface.
2025-10-08T22:41:52.308+09:00  INFO 43200 --- [    Test worker] o.hibernate.jpa.internal.util.LogHelper  : HHH000204: Processing PersistenceUnitInfo [name: default]
2025-10-08T22:41:52.378+09:00  INFO 43200 --- [    Test worker] org.hibernate.Version                    : HHH000412: Hibernate ORM core version 6.6.29.Final
2025-10-08T22:41:52.406+09:00  INFO 43200 --- [    Test worker] o.h.c.internal.RegionFactoryInitiator    : HHH000026: Second-level cache disabled
2025-10-08T22:41:52.663+09:00  INFO 43200 --- [    Test worker] o.s.o.j.p.SpringPersistenceUnitInfo      : No LoadTimeWeaver setup: ignoring JPA class transformer
2025-10-08T22:41:52.688+09:00  INFO 43200 --- [    Test worker] com.zaxxer.hikari.HikariDataSource       : HikariPool-1 - Starting...
2025-10-08T22:41:52.973+09:00  INFO 43200 --- [    Test worker] com.zaxxer.hikari.pool.HikariPool        : HikariPool-1 - Added connection com.mysql.cj.jdbc.ConnectionImpl@61d011e
2025-10-08T22:41:52.975+09:00  INFO 43200 --- [    Test worker] com.zaxxer.hikari.HikariDataSource       : HikariPool-1 - Start completed.
2025-10-08T22:41:53.038+09:00  INFO 43200 --- [    Test worker] org.hibernate.orm.connections.pooling    : HHH10001005: Database info:
	Database JDBC URL [Connecting through datasource 'HikariDataSource (HikariPool-1)']
	Database driver: undefined/unknown
	Database version: 9.4
	Autocommit mode: undefined/unknown
	Isolation level: undefined/unknown
	Minimum pool size: undefined/unknown
	Maximum pool size: undefined/unknown
2025-10-08T22:41:53.608+09:00  INFO 43200 --- [    Test worker] o.h.e.t.j.p.i.JtaPlatformInitiator       : HHH000489: No JTA platform available (set 'hibernate.transaction.jta.platform' to enable JTA platform integration)
2025-10-08T22:41:53.644+09:00  INFO 43200 --- [    Test worker] j.LocalContainerEntityManagerFactoryBean : Initialized JPA EntityManagerFactory for persistence unit 'default'
2025-10-08T22:41:54.056+09:00  WARN 43200 --- [    Test worker] JpaBaseConfiguration$JpaWebConfiguration : spring.jpa.open-in-view is enabled by default. Therefore, database queries may be performed during view rendering. Explicitly configure spring.jpa.open-in-view to disable this warning
2025-10-08T22:41:54.341+09:00  INFO 43200 --- [    Test worker] c.e.b.BoardServiceApplicationTests       : Started BoardServiceApplicationTests in 3.055 seconds (process running for 3.928)
]]></system-out>
  <system-err><![CDATA[Mockito is currently self-attaching to enable the inline-mock-maker. This will no longer work in future releases of the JDK. Please add Mockito as an agent to your build as described in Mockito's documentation: https://javadoc.io/doc/org.mockito/mockito-core/latest/org.mockito/org/mockito/Mockito.html#0.3
WARNING: A Java agent has been loaded dynamically (C:\Users\wngus\.gradle\caches\modules-2\files-2.1\net.bytebuddy\byte-buddy-agent\1.17.7\fbf3d6d649ed37fc9e9c59480a05be0a26e3c2da\byte-buddy-agent-1.17.7.jar)
WARNING: If a serviceability tool is in use, please run with -XX:+EnableDynamicAgentLoading to hide this warning
WARNING: If a serviceability tool is not in use, please run with -Djdk.instrument.traceUsage for more information
WARNING: Dynamic loading of agents will be disallowed by default in a future release
]]></system-err>
</testsuite>
